#
# There is insufficient memory for the Java Runtime Environment to continue.
# Native memory allocation (mmap) failed to map 65011712 bytes for G1 virtual space
# Possible reasons:
#   The system is out of physical RAM or swap space
#   The process is running with CompressedOops enabled, and the Java Heap may be blocking the growth of the native heap
# Possible solutions:
#   Reduce memory load on the system
#   Increase physical memory or swap space
#   Check if swap backing store is full
#   Decrease Java heap size (-Xmx/-Xms)
#   Decrease number of Java threads
#   Decrease Java thread stack sizes (-Xss)
#   Set larger code cache with -XX:ReservedCodeCacheSize=
#   JVM is running with Unscaled Compressed Oops mode in which the Java heap is
#     placed in the first 4GB address space. The Java Heap base address is the
#     maximum limit for the native heap growth. Please use -XX:HeapBaseMinAddress
#     to set the Java Heap base and to place the Java Heap above 4GB virtual address.
# This output file may be truncated or incomplete.
#
#  Out of Memory Error (os_windows.cpp:3530), pid=22956, tid=15636
#
# JRE version:  (18.0.2+9) (build )
# Java VM: Java HotSpot(TM) 64-Bit Server VM (18.0.2+9-61, mixed mode, sharing, tiered, compressed oops, compressed class ptrs, g1 gc, windows-amd64)
# No core dump will be written. Minidumps are not enabled by default on client versions of Windows
#

---------------  S U M M A R Y ------------

Command Line: -Dfile.encoding=UTF-8 -XX:+ShowCodeDetailsInExceptionMessages AutomatedPages.guru99_2

Host: Intel(R) Core(TM) i3-6006U CPU @ 2.00GHz, 4 cores, 3G,  Windows 10 , 64 bit Build 19041 (10.0.19041.2251)
Time: Thu Dec 15 18:28:53 2022 India Standard Time elapsed time: 0.028572 seconds (0d 0h 0m 0s)

---------------  T H R E A D  ---------------

Current thread (0x000001f51a747480):  JavaThread "Unknown thread" [_thread_in_vm, id=15636, stack(0x000000471c600000,0x000000471c700000)]

Stack: [0x000000471c600000,0x000000471c700000]
Native frames: (J=compiled Java code, j=interpreted, Vv=VM code, C=native code)
V  [jvm.dll+0x6993ca]
V  [jvm.dll+0x7f481d]
V  [jvm.dll+0x7f612e]
V  [jvm.dll+0x7f67e3]
V  [jvm.dll+0x25cdaf]
V  [jvm.dll+0x696319]
V  [jvm.dll+0x68ae4a]
V  [jvm.dll+0x3223eb]
V  [jvm.dll+0x329dc6]
V  [jvm.dll+0x37eade]
V  [jvm.dll+0x37ed0f]
V  [jvm.dll+0x2fa16a]
V  [jvm.dll+0x2fb1cd]
V  [jvm.dll+0x7c3450]
V  [jvm.dll+0x38be61]
V  [jvm.dll+0x7a2073]
V  [jvm.dll+0x40dc3f]
V  [jvm.dll+0x40f611]
C  [jli.dll+0x526b]
C  [ucrtbase.dll+0x21bb2]
C  [KERNEL32.DLL+0x174b4]
C  [ntdll.dll+0x526a1]


---------------  P R O C E S S  ---------------

Threads class SMR info:
_java_thread_list=0x00007ff986f1e550, length=0, elements={
}

Java Threads: ( => current thread )

Other Threads:
  0x000001f51a788130 WorkerThread "GC Thread#0" [stack: 0x000000471c700000,0x000000471c800000] [id=16432]
  0x000001f51a791a40 ConcurrentGCThread "G1 Main Marker" [stack: 0x000000471c800000,0x000000471c900000] [id=12672]
  0x000001f51a794290 WorkerThread "G1 Conc#0" [stack: 0x000000471c900000,0x000000471ca00000] [id=10916]

[error occurred during error reporting (printing all threads), id 0xc0000005, EXCEPTION_ACCESS_VIOLATION (0xc0000005) at pc=0x00007ff98674a707]

VM state: not at safepoint (not fully initialized)

VM Mutex/Monitor currently owned by a thread:  ([mutex/lock_event])
[0x000001f51a743e30] Heap_lock - owner thread: 0x000001f51a747480

Heap address: 0x00000000c2a00000, size: 982 MB, Compressed Oops mode: 32-bit

CDS archive(s) mapped at: [0x0000000000000000-0x0000000000000000-0x0000000000000000), size 0, SharedBaseAddress: 0x0000000800000000, ArchiveRelocationMode: 0.
Narrow klass base: 0x0000000000000000, Narrow klass shift: 0, Narrow klass range: 0x0

GC Precious Log:
 CardTable entry size: 512
 Card Set container configuration: InlinePtr #cards 5 size 8 Array Of Cards #cards 12 size 40 Howl #buckets 4 coarsen threshold 1843 Howl Bitmap #cards 512 size 80 coarsen threshold 460 Card regions per heap region 1 cards per card region 2048

Heap:
 garbage-first heap   total 0K, used 0K [0x00000000c2a00000, 0x0000000100000000)
  region size 1024K, 0 young (0K), 0 survivors (0K)

[error occurred during error reporting (printing heap information), id 0xc0000005, EXCEPTION_ACCESS_VIOLATION (0xc0000005) at pc=0x00007ff986b31859]

GC Heap History (0 events):
No events

Deoptimization events (0 events):
No events

Classes loaded (0 events):
No events

Classes unloaded (0 events):
No events

Classes redefined (0 events):
No events

Internal exceptions (0 events):
No events

VM Operations (0 events):
No events

Events (1 events):
Event: 0.014 Loaded shared library C:\Program Files\Java\jdk-18.0.2\bin\java.dll


Dynamic libraries:
0x00007ff6b6970000 - 0x00007ff6b6980000 	C:\Program Files\Java\jdk-18.0.2\bin\javaw.exe
0x00007ff9cc5b0000 - 0x00007ff9cc7a8000 	C:\Windows\SYSTEM32\ntdll.dll
0x00007ff9cb9a0000 - 0x00007ff9cba5f000 	C:\Windows\System32\KERNEL32.DLL
0x00007ff9ca320000 - 0x00007ff9ca5f2000 	C:\Windows\System32\KERNELBASE.dll
0x00007ff9c9d80000 - 0x00007ff9c9e80000 	C:\Windows\System32\ucrtbase.dll
0x00007ff9c02e0000 - 0x00007ff9c02f8000 	C:\Program Files\Java\jdk-18.0.2\bin\jli.dll
0x00007ff9c0300000 - 0x00007ff9c031a000 	C:\Program Files\Java\jdk-18.0.2\bin\VCRUNTIME140.dll
0x00007ff9cbab0000 - 0x00007ff9cbb5e000 	C:\Windows\System32\ADVAPI32.dll
0x00007ff9caa00000 - 0x00007ff9caa9e000 	C:\Windows\System32\msvcrt.dll
0x00007ff9cab50000 - 0x00007ff9cabec000 	C:\Windows\System32\sechost.dll
0x00007ff9cb870000 - 0x00007ff9cb995000 	C:\Windows\System32\RPCRT4.dll
0x00007ff9ca740000 - 0x00007ff9ca8dd000 	C:\Windows\System32\USER32.dll
0x00007ff9c9d50000 - 0x00007ff9c9d72000 	C:\Windows\System32\win32u.dll
0x00007ff9cb6f0000 - 0x00007ff9cb71b000 	C:\Windows\System32\GDI32.dll
0x00007ff9b8dc0000 - 0x00007ff9b905a000 	C:\Windows\WinSxS\amd64_microsoft.windows.common-controls_6595b64144ccf1df_6.0.19041.1110_none_60b5254171f9507e\COMCTL32.dll
0x00007ff9ca0b0000 - 0x00007ff9ca1bf000 	C:\Windows\System32\gdi32full.dll
0x00007ff9c9e80000 - 0x00007ff9c9f1d000 	C:\Windows\System32\msvcp_win.dll
0x00007ff9c3040000 - 0x00007ff9c304a000 	C:\Windows\SYSTEM32\VERSION.dll
0x00007ff9cba70000 - 0x00007ff9cbaa2000 	C:\Windows\System32\IMM32.DLL
0x00007ff9c3870000 - 0x00007ff9c387c000 	C:\Program Files\Java\jdk-18.0.2\bin\vcruntime140_1.dll
0x00007ff9a6a70000 - 0x00007ff9a6afd000 	C:\Program Files\Java\jdk-18.0.2\bin\msvcp140.dll
0x00007ff986440000 - 0x00007ff987051000 	C:\Program Files\Java\jdk-18.0.2\bin\server\jvm.dll
0x00007ff9cb780000 - 0x00007ff9cb788000 	C:\Windows\System32\PSAPI.DLL
0x00007ff9bed50000 - 0x00007ff9bed59000 	C:\Windows\SYSTEM32\WSOCK32.dll
0x00007ff9bb980000 - 0x00007ff9bb9a7000 	C:\Windows\SYSTEM32\WINMM.dll
0x00007ff9cbfd0000 - 0x00007ff9cc03b000 	C:\Windows\System32\WS2_32.dll
0x00007ff9c7b70000 - 0x00007ff9c7b82000 	C:\Windows\SYSTEM32\kernel.appcore.dll
0x00007ff9bed70000 - 0x00007ff9bed7a000 	C:\Program Files\Java\jdk-18.0.2\bin\jimage.dll
0x00007ff9b6ae0000 - 0x00007ff9b6cc4000 	C:\Windows\SYSTEM32\DBGHELP.DLL
0x00007ff9b6a60000 - 0x00007ff9b6a8c000 	C:\Windows\SYSTEM32\dbgcore.DLL
0x00007ff9c9f20000 - 0x00007ff9c9fa2000 	C:\Windows\System32\bcryptPrimitives.dll
0x00007ff9994b0000 - 0x00007ff9994d5000 	C:\Program Files\Java\jdk-18.0.2\bin\java.dll

dbghelp: loaded successfully - version: 4.0.5 - missing functions: none
symbol engine: initialized successfully - sym options: 0x614 - pdb path: .;C:\Program Files\Java\jdk-18.0.2\bin;C:\Windows\SYSTEM32;C:\Windows\WinSxS\amd64_microsoft.windows.common-controls_6595b64144ccf1df_6.0.19041.1110_none_60b5254171f9507e;C:\Program Files\Java\jdk-18.0.2\bin\server

VM Arguments:
jvm_args: -Dfile.encoding=UTF-8 -XX:+ShowCodeDetailsInExceptionMessages 
java_command: AutomatedPages.guru99_2
java_class_path (initial): C:\Users\Ramesh\Desktop\Abhijit\eclipse\Project2(Automation)\bin;C:\Users\Ramesh\Downloads\selenium-server-4.5.0.jar;C:\Users\Ramesh\Downloads\poi-bin-5.2.3\auxiliary\batik-anim-1.14.jar;C:\Users\Ramesh\Downloads\poi-bin-5.2.3\auxiliary\batik-awt-util-1.14.jar;C:\Users\Ramesh\Downloads\poi-bin-5.2.3\auxiliary\batik-bridge-1.14.jar;C:\Users\Ramesh\Downloads\poi-bin-5.2.3\auxiliary\batik-codec-1.14.jar;C:\Users\Ramesh\Downloads\poi-bin-5.2.3\auxiliary\batik-constants-1.14.jar;C:\Users\Ramesh\Downloads\poi-bin-5.2.3\auxiliary\batik-css-1.14.jar;C:\Users\Ramesh\Downloads\poi-bin-5.2.3\auxiliary\batik-dom-1.14.jar;C:\Users\Ramesh\Downloads\poi-bin-5.2.3\auxiliary\batik-ext-1.14.jar;C:\Users\Ramesh\Downloads\poi-bin-5.2.3\auxiliary\batik-gvt-1.14.jar;C:\Users\Ramesh\Downloads\poi-bin-5.2.3\auxiliary\batik-i18n-1.14.jar;C:\Users\Ramesh\Downloads\poi-bin-5.2.3\auxiliary\batik-parser-1.14.jar;C:\Users\Ramesh\Downloads\poi-bin-5.2.3\auxiliary\batik-script-1.14.jar;C:\Users\Ramesh\Downloads\poi-bin-5.2.3\auxiliary\batik-shared-resources-1.14.jar;C:\Users\Ramesh\Downloads\poi-bin-5.2.3\auxiliary\batik-svg-dom-1.14.jar;C:\Users\Ramesh\Downloads\poi-bin-5.2.3\auxiliary\batik-svggen-1.14.jar;C:\Users\Ramesh\Downloads\poi-bin-5.2.3\auxiliary\batik-svgrasterizer-1.14.jar;C:\Users\Ramesh\Downloads\poi-bin-5.2.3\auxiliary\batik-transcoder-1.14.jar;C:\Users\Ramesh\Downloads\poi-bin-5.2.3\auxiliary\batik-util-1.14.jar;C:\Users\Ramesh\Downloads\poi-bin-5.2.3\auxiliary\batik-xml-1.14.jar;C:\Users\Ramesh\Downloads\poi-bin-5.2.3\auxiliary\bcpkix-jdk15on-1.70.jar;C:\Users\Ramesh\Downloads\poi-bin-5.2.3\auxiliary\bcprov-jdk15on-1.70.jar;C:\Users\Ramesh\Downloads\poi-bin-5.2.3\auxiliary\bcutil-jdk15on-1.70.jar;C:\Users\Ramesh\Downloads\poi-bin-5.2.3\auxiliary\fontbox-2.0.26.jar;C:\Users\Ramesh\Downloads\poi-bin-5.2.3\auxiliary\graphics2d-0.40.jar;C:\Users\Ramesh\Downloads\poi-bin-5.2.3\auxiliary\pdfbox-2.0.26.jar;C:\Users\Ramesh\Downloads\poi-bin-5.2.3\auxiliary\xml-apis-1.4.01.jar;C:\Users\Ramesh\Downloads\poi-bin-5.2.3\auxiliary\xml-apis-ext-1.3.04.jar;C:\Users\Ramesh\Downloads\poi-bin-5.2.3\auxiliary\xmlgraphics-commons-2.6.jar;C:\Users\Ramesh\Downloads\poi-bin-5.2.3\auxiliary\xmlsec-3.0.0.jar;C:\Users\Ramesh\Downloads\poi-bin-5.2.3\lib\commons-codec-1.15.jar;C:\Users\Ramesh\Downloads\poi-bin-5.2.3\lib\commons-collections4-4.4.jar;C:\Users\Ramesh\Downloads\poi-bin-5.2.3\lib\commons-io-2.11.0.jar;C:\Users\Ramesh\Downloads\poi-bin-5.2.3\lib\commons-math3-3.6.1.jar;C:\Users\Ramesh\Downloads\poi-bin-5.2.3\lib\log4j-api-2.18.0.jar;C:\Users\Ramesh\Downloads\poi-bin-5.2.3\lib\SparseBitSet-1.2.jar;C:\Users\Ramesh\Downloads\poi-bin-5.2.3\ooxml-lib\commons-compress-1.21.jar;C:\Users\Ramesh\Downloads\poi-bin-5.2.3\ooxml-lib\commons-logging-1.2.jar;C:\Users\Ramesh\Downloads\poi-bin-5.2.3\ooxml-lib\curvesapi-1.07.jar;C:\Users\Ramesh\Downloads\poi-bin-5.2.3\ooxml-lib\jakarta.activation-2.0.1.jar;C:\Users\Ramesh\Downloads\poi-bin-5.2.3\ooxml-lib\jakarta.xml.bind-api-3.0.1.jar;C:\Users\Ramesh\Downloads\poi-bin-5.2.3\ooxml-lib\slf4j-api-1.7.36.jar;C:\Users\Ramesh\Downloads\poi-bin-5.2.3\ooxml-lib\xmlbeans-5.1.1.jar;C:\Users\Ramesh\Desktop\Abhijit\poi-bin-5.2.3\auxiliary\batik-anim-1.14.jar;C:\Users\Ramesh\Desktop\Abhijit\poi-bin-5.2.3\auxiliary\batik-awt-util-1.14.jar;C:\Users\Ramesh\Desktop\Abhijit\poi-bin-5.2.3\auxiliary\batik-bridge-1.14.jar;C:\Users\Ramesh\Desktop\Abhijit\poi-bin-5.2.3\auxiliary\batik-codec-1.14.jar;C:\Users\Ramesh\Desktop\Abhijit\poi-bin-5.2.3\auxiliary\batik-constants-1.14.jar;C:\Users\Ramesh\Desktop\Abhijit\poi-bin-5.2.3\auxiliary\batik-css-1.14.jar;C:\Users\Ramesh\Desktop\Abhijit\poi-bin-5.2.3\auxiliary\batik-dom-1.14.jar;C:\Users\Ramesh\Desktop\Abhijit\poi-bin-5.2.3\auxiliary\batik-ext-1.14.jar;C:\Users\Ramesh\Desktop\Abhijit\poi-bin-5.2.3\auxiliary\batik-gvt-1.14.jar;C:\Users\Ramesh\Desktop\Abhijit\poi-bin-5.2.3\auxiliary\batik-i18n-1.14.jar;C:\Users\Ramesh\Desktop\Abhijit\poi-bin-5.2.3\auxiliary\batik-parser-1.14.jar;C:\Users\Ramesh\Desktop\Abhijit\poi-bin-5.2.3\auxiliary\batik-script-1.14.jar;C:\Users\Ramesh\Desktop\Abhijit\poi-bin-5.2.3\auxiliary\batik-shared-resources-1.14.jar;C:\Users\Ramesh\Desktop\Abhijit\poi-bin-5.2.3\auxiliary\batik-svg-dom-1.14.jar;C:\Users\Ramesh\Desktop\Abhijit\poi-bin-5.2.3\auxiliary\batik-svggen-1.14.jar;C:\Users\Ramesh\Desktop\Abhijit\poi-bin-5.2.3\auxiliary\batik-svgrasterizer-1.14.jar;C:\Users\Ramesh\Desktop\Abhijit\poi-bin-5.2.3\auxiliary\batik-transcoder-1.14.jar;C:\Users\Ramesh\Desktop\Abhijit\poi-bin-5.2.3\auxiliary\batik-util-1.14.jar;C:\Users\Ramesh\Desktop\Abhijit\poi-bin-5.2.3\auxiliary\batik-xml-1.14.jar;C:\Users\Ramesh\Desktop\Abhijit\poi-bin-5.2.3\auxiliary\bcpkix-jdk15on-1.70.jar;C:\Users\Ramesh\Desktop\Abhijit\poi-bin-5.2.3\auxiliary\bcprov-jdk15on-1.70.jar;C:\Users\Ramesh\Desktop\Abhijit\poi-bin-5.2.3\auxiliary\bcutil-jdk15on-1.70.jar;C:\Users\Ramesh\Desktop\Abhijit\poi-bin-5.2.3\auxiliary\fontbox-2.0.26.jar;C:\Users\Ramesh\Desktop\Abhijit\poi-bin-5.2.3\auxiliary\graphics2d-0.40.jar;C:\Users\Ramesh\Desktop\Abhijit\poi-bin-5.2.3\auxiliary\pdfbox-2.0.26.jar;C:\Users\Ramesh\Desktop\Abhijit\poi-bin-5.2.3\auxiliary\poi-5.2.3.jar;C:\Users\Ramesh\Desktop\Abhijit\poi-bin-5.2.3\auxiliary\poi-examples-5.2.3.jar;C:\Users\Ramesh\Desktop\Abhijit\poi-bin-5.2.3\auxiliary\poi-excelant-5.2.3.jar;C:\Users\Ramesh\Desktop\Abhijit\poi-bin-5.2.3\auxiliary\poi-javadoc-5.2.3.jar;C:\Users\Ramesh\Desktop\Abhijit\poi-bin-5.2.3\auxiliary\poi-ooxml-5.2.3.jar;C:\Users\Ramesh\Desktop\Abhijit\poi-bin-5.2.3\auxiliary\poi-ooxml-full-5.2.3.jar;C:\Users\Ramesh\Desktop\Abhijit\poi-bin-5.2.3\auxiliary\poi-ooxml-lite-5.2.3.jar;C:\Users\Ramesh\Desktop\Abhijit\poi-bin-5.2.3\auxiliary\poi-scratchpad-5.2.3.jar;C:\Users\Ramesh\Desktop\Abhijit\poi-bin-5.2.3\auxiliary\xml-apis-1.4.01.jar;C:\Users\Ramesh\Desktop\Abhijit\poi-bin-5.2.3\auxiliary\xml-apis-ext-1.3.04.jar;C:\Users\Ramesh\Desktop\Abhijit\poi-bin-5.2.3\auxiliary\xmlgraphics-commons-2.6.jar;C:\Users\Ramesh\Desktop\Abhijit\poi-bin-5.2.3\auxiliary\xmlsec-3.0.0.jar;C:\Users\Ramesh\Desktop\Abhijit\poi-bin-5.2.3\lib\commons-codec-1.15.jar;C:\Users\Ramesh\Desktop\Abhijit\poi-bin-5.2.3\lib\commons-collections4-4.4.jar;C:\Users\Ramesh\Desktop\Abhijit\poi-bin-5.2.3\lib\commons-io-2.11.0.jar;C:\Users\Ramesh\Desktop\Abhijit\poi-bin-5.2.3\lib\commons-math3-3.6.1.jar;C:\Users\Ramesh\Desktop\Abhijit\poi-bin-5.2.3\lib\log4j-api-2.18.0.jar;C:\Users\Ramesh\Desktop\Abhijit\poi-bin-5.2.3\lib\SparseBitSet-1.2.jar
Launcher Type: SUN_STANDARD

[Global flags]
     intx CICompilerCount                          = 3                                         {product} {ergonomic}
     uint ConcGCThreads                            = 1                                         {product} {ergonomic}
     uint G1ConcRefinementThreads                  = 4                                         {product} {ergonomic}
   size_t G1HeapRegionSize                         = 1048576                                   {product} {ergonomic}
    uintx GCDrainStackTargetSize                   = 64                                        {product} {ergonomic}
   size_t InitialHeapSize                          = 65011712                                  {product} {ergonomic}
   size_t MarkStackSize                            = 4194304                                   {product} {ergonomic}
   size_t MaxHeapSize                              = 1029701632                                {product} {ergonomic}
   size_t MinHeapDeltaBytes                        = 1048576                                   {product} {ergonomic}
   size_t MinHeapSize                              = 8388608                                   {product} {ergonomic}
    uintx NonNMethodCodeHeapSize                   = 5832780                                {pd product} {ergonomic}
    uintx NonProfiledCodeHeapSize                  = 122912730                              {pd product} {ergonomic}
    uintx ProfiledCodeHeapSize                     = 122912730                              {pd product} {ergonomic}
    uintx ReservedCodeCacheSize                    = 251658240                              {pd product} {ergonomic}
     bool SegmentedCodeCache                       = true                                      {product} {ergonomic}
     bool ShowCodeDetailsInExceptionMessages       = true                                   {manageable} {command line}
   size_t SoftMaxHeapSize                          = 1029701632                             {manageable} {ergonomic}
     bool UseCompressedClassPointers               = true                           {product lp64_product} {ergonomic}
     bool UseCompressedOops                        = true                           {product lp64_product} {ergonomic}
     bool UseG1GC                                  = true                                      {product} {ergonomic}
     bool UseLargePagesIndividualAllocation        = false                                  {pd product} {ergonomic}

Logging:
Log output configuration:
 #0: stdout all=warning uptime,level,tags foldmultilines=false
 #1: stderr all=off uptime,level,tags foldmultilines=false

Environment Variables:
PATH=C:\Program Files\Common Files\Oracle\Java\javapath;C:\Windows\system32;C:\Windows;C:\Windows\System32\Wbem;C:\Windows\System32\WindowsPowerShell\v1.0\;C:\Windows\System32\OpenSSH\;C:\Program Files\MySQL\MySQL Shell 8.0\bin\;C:\Users\Ramesh\AppData\Local\Microsoft\WindowsApps;C:\Program Files\Java\jdk-18.0.2\bin;
USERNAME=Ramesh
OS=Windows_NT
PROCESSOR_IDENTIFIER=Intel64 Family 6 Model 78 Stepping 3, GenuineIntel



---------------  S Y S T E M  ---------------

OS:
 Windows 10 , 64 bit Build 19041 (10.0.19041.2251)
OS uptime: 18 days 19:58 hours

CPU: total 4 (initial active 4) (2 cores per cpu, 2 threads per core) family 6 model 78 stepping 3 microcode 0xcc, cx8, cmov, fxsr, ht, mmx, 3dnowpref, sse, sse2, sse3, ssse3, sse4.1, sse4.2, popcnt, lzcnt, tsc, tscinvbit, avx, avx2, aes, erms, clmul, bmi1, bmi2, adx, fma, vzeroupper, clflush, clflushopt

Memory: 4k page, system-wide physical 3927M (213M free)
TotalPageFile size 16215M (AvailPageFile size 51M)
current process WorkingSet (physical memory assigned to process): 10M, peak: 10M
current process commit charge ("private bytes"): 51M, peak: 113M

vm_info: Java HotSpot(TM) 64-Bit Server VM (18.0.2+9-61) for windows-amd64 JRE (18.0.2+9-61), built on Jun  7 2022 13:09:01 by "mach5one" with MS VC++ 16.8 / 16.9 (VS2019)

END.
