#
# There is insufficient memory for the Java Runtime Environment to continue.
# Native memory allocation (mmap) failed to map 65536 bytes for Failed to commit metaspace.
# Possible reasons:
#   The system is out of physical RAM or swap space
#   The process is running with CompressedOops enabled, and the Java Heap may be blocking the growth of the native heap
# Possible solutions:
#   Reduce memory load on the system
#   Increase physical memory or swap space
#   Check if swap backing store is full
#   Decrease Java heap size (-Xmx/-Xms)
#   Decrease number of Java threads
#   Decrease Java thread stack sizes (-Xss)
#   Set larger code cache with -XX:ReservedCodeCacheSize=
#   JVM is running with Unscaled Compressed Oops mode in which the Java heap is
#     placed in the first 4GB address space. The Java Heap base address is the
#     maximum limit for the native heap growth. Please use -XX:HeapBaseMinAddress
#     to set the Java Heap base and to place the Java Heap above 4GB virtual address.
# This output file may be truncated or incomplete.
#
#  Out of Memory Error (virtualSpaceNode.cpp:110), pid=28204, tid=28244
#
# JRE version: Java(TM) SE Runtime Environment (18.0.2+9) (build 18.0.2+9-61)
# Java VM: Java HotSpot(TM) 64-Bit Server VM (18.0.2+9-61, mixed mode, tiered, compressed oops, compressed class ptrs, g1 gc, windows-amd64)
# No core dump will be written. Minidumps are not enabled by default on client versions of Windows
#

---------------  S U M M A R Y ------------

Command Line: -Dfile.encoding=UTF-8 -XX:+ShowCodeDetailsInExceptionMessages AutomatedPages.guru99_2

Host: Intel(R) Core(TM) i3-6006U CPU @ 2.00GHz, 4 cores, 3G,  Windows 10 , 64 bit Build 19041 (10.0.19041.2251)
Time: Thu Dec 15 19:15:30 2022 India Standard Time elapsed time: 0.701283 seconds (0d 0h 0m 0s)

---------------  T H R E A D  ---------------

Current thread (0x0000025c73037560):  JavaThread "main" [_thread_in_vm, id=28244, stack(0x000000afff900000,0x000000afffa00000)]

Stack: [0x000000afff900000,0x000000afffa00000]
Native frames: (J=compiled Java code, j=interpreted, Vv=VM code, C=native code)
V  [jvm.dll+0x6993ca]
V  [jvm.dll+0x7f481d]
V  [jvm.dll+0x7f612e]
V  [jvm.dll+0x7f67e3]
V  [jvm.dll+0x25cdaf]
V  [jvm.dll+0x7f052b]
V  [jvm.dll+0x63f546]
V  [jvm.dll+0x63f5aa]
V  [jvm.dll+0x641e2e]
V  [jvm.dll+0x641cee]
V  [jvm.dll+0x63ff0e]
V  [jvm.dll+0x64a587]
V  [jvm.dll+0x2027b1]
V  [jvm.dll+0x202ce5]
V  [jvm.dll+0x20371f]
V  [jvm.dll+0x1f8bb1]
V  [jvm.dll+0x55dc05]
V  [jvm.dll+0x209a67]
V  [jvm.dll+0x76dddd]
V  [jvm.dll+0x76f116]
V  [jvm.dll+0x76f448]
V  [jvm.dll+0x2551d6]
V  [jvm.dll+0x3a2d5e]
C  0x0000025c0000f5a8

Java frames: (J=compiled Java code, j=interpreted, Vv=VM code)
j  java.lang.invoke.Invokers.<clinit>()V+45 java.base@18.0.2
v  ~StubRoutines::call_stub
j  java.lang.invoke.MethodHandleNatives.linkMethodImpl(Ljava/lang/Class;ILjava/lang/Class;Ljava/lang/String;Ljava/lang/Object;[Ljava/lang/Object;)Ljava/lang/invoke/MemberName;+20 java.base@18.0.2
j  java.lang.invoke.MethodHandleNatives.linkMethod(Ljava/lang/Class;ILjava/lang/Class;Ljava/lang/String;Ljava/lang/Object;[Ljava/lang/Object;)Ljava/lang/invoke/MemberName;+14 java.base@18.0.2
v  ~StubRoutines::call_stub
j  java.lang.invoke.BootstrapMethodInvoker.invoke(Ljava/lang/Class;Ljava/lang/invoke/MethodHandle;Ljava/lang/String;Ljava/lang/Object;Ljava/lang/Object;Ljava/lang/Class;)Ljava/lang/Object;+319 java.base@18.0.2
j  java.lang.invoke.CallSite.makeSite(Ljava/lang/invoke/MethodHandle;Ljava/lang/String;Ljava/lang/invoke/MethodType;Ljava/lang/Object;Ljava/lang/Class;)Ljava/lang/invoke/CallSite;+8 java.base@18.0.2
j  java.lang.invoke.MethodHandleNatives.linkCallSiteImpl(Ljava/lang/Class;Ljava/lang/invoke/MethodHandle;Ljava/lang/String;Ljava/lang/invoke/MethodType;Ljava/lang/Object;[Ljava/lang/Object;)Ljava/lang/invoke/MemberName;+6 java.base@18.0.2
j  java.lang.invoke.MethodHandleNatives.linkCallSite(Ljava/lang/Object;Ljava/lang/Object;Ljava/lang/Object;Ljava/lang/Object;Ljava/lang/Object;[Ljava/lang/Object;)Ljava/lang/invoke/MemberName;+45 java.base@18.0.2
v  ~StubRoutines::call_stub
j  java.util.logging.Level$KnownLevel.add(Ljava/util/logging/Level;)V+19 java.logging@18.0.2
j  java.util.logging.Level.<init>(Ljava/lang/String;ILjava/lang/String;Z)V+55 java.logging@18.0.2
j  java.util.logging.Level.<init>(Ljava/lang/String;ILjava/lang/String;)V+5 java.logging@18.0.2
j  java.util.logging.Level.<clinit>()V+10 java.logging@18.0.2
v  ~StubRoutines::call_stub
j  java.util.logging.Logger.<clinit>()V+7 java.logging@18.0.2
v  ~StubRoutines::call_stub
j  org.openqa.selenium.remote.RemoteWebDriver.<clinit>()V+6
v  ~StubRoutines::call_stub
j  AutomatedPages.guru99_2.main([Ljava/lang/String;)V+8
v  ~StubRoutines::call_stub

---------------  P R O C E S S  ---------------

Threads class SMR info:
_java_thread_list=0x0000025c13506c80, length=12, elements={
0x0000025c73037560, 0x0000025c0f166560, 0x0000025c0f167ff0, 0x0000025c0f19e550,
0x0000025c0f1a05b0, 0x0000025c0f1a0e60, 0x0000025c0f1a1ff0, 0x0000025c0f1a7b00,
0x0000025c0f1aa340, 0x0000025c0f1ad7d0, 0x0000025c13538020, 0x0000025c13542980
}

Java Threads: ( => current thread )
=>0x0000025c73037560 JavaThread "main" [_thread_in_vm, id=28244, stack(0x000000afff900000,0x000000afffa00000)]
  0x0000025c0f166560 JavaThread "Reference Handler" daemon [_thread_blocked, id=28276, stack(0x000000af80000000,0x000000af80100000)]
  0x0000025c0f167ff0 JavaThread "Finalizer" daemon [_thread_blocked, id=28280, stack(0x000000af80100000,0x000000af80200000)]
  0x0000025c0f19e550 JavaThread "Signal Dispatcher" daemon [_thread_blocked, id=28284, stack(0x000000af80200000,0x000000af80300000)]
  0x0000025c0f1a05b0 JavaThread "Attach Listener" daemon [_thread_blocked, id=28288, stack(0x000000af80300000,0x000000af80400000)]
  0x0000025c0f1a0e60 JavaThread "Service Thread" daemon [_thread_blocked, id=28292, stack(0x000000af80400000,0x000000af80500000)]
  0x0000025c0f1a1ff0 JavaThread "Monitor Deflation Thread" daemon [_thread_blocked, id=28296, stack(0x000000af80500000,0x000000af80600000)]
  0x0000025c0f1a7b00 JavaThread "C2 CompilerThread0" daemon [_thread_blocked, id=28300, stack(0x000000af80600000,0x000000af80700000)]
  0x0000025c0f1aa340 JavaThread "C1 CompilerThread0" daemon [_thread_blocked, id=28304, stack(0x000000af80700000,0x000000af80800000)]
  0x0000025c0f1ad7d0 JavaThread "Sweeper thread" daemon [_thread_blocked, id=28308, stack(0x000000af80800000,0x000000af80900000)]
  0x0000025c13538020 JavaThread "Notification Thread" daemon [_thread_blocked, id=28316, stack(0x000000af80900000,0x000000af80a00000)]
  0x0000025c13542980 JavaThread "Common-Cleaner" daemon [_thread_blocked, id=28328, stack(0x000000af80b00000,0x000000af80c00000)]

Other Threads:
  0x0000025c730ee650 VMThread "VM Thread" [stack: 0x000000affff00000,0x000000b000000000] [id=28268]
  0x0000025c1353dd20 WatcherThread "VM Periodic Task Thread" [stack: 0x000000af80a00000,0x000000af80b00000] [id=28324]
  0x0000025c730787c0 WorkerThread "GC Thread#0" [stack: 0x000000afffa00000,0x000000afffb00000] [id=28248]
  0x0000025c730820d0 ConcurrentGCThread "G1 Main Marker" [stack: 0x000000afffb00000,0x000000afffc00000] [id=28252]
  0x0000025c73083170 WorkerThread "G1 Conc#0" [stack: 0x000000afffc00000,0x000000afffd00000] [id=28256]
  0x0000025c730ab960 ConcurrentGCThread "G1 Refine#0" [stack: 0x000000afffd00000,0x000000afffe00000] [id=28260]
  0x0000025c730ad930 ConcurrentGCThread "G1 Service" [stack: 0x000000afffe00000,0x000000affff00000] [id=28264]

Threads with active compile tasks:

VM state: not at safepoint (normal execution)

VM Mutex/Monitor currently owned by a thread:  ([mutex/lock_event])
[0x0000025c73030550] Metaspace_lock - owner thread: 0x0000025c73037560

Heap address: 0x00000000c2a00000, size: 982 MB, Compressed Oops mode: 32-bit

CDS archive(s) not mapped
Compressed class space mapped at: 0x0000000100000000-0x0000000140000000, reserved size: 1073741824
Narrow klass base: 0x0000000000000000, Narrow klass shift: 3, Narrow klass range: 0x140000000

GC Precious Log:
 CardTable entry size: 512
 Card Set container configuration: InlinePtr #cards 5 size 8 Array Of Cards #cards 12 size 40 Howl #buckets 4 coarsen threshold 1843 Howl Bitmap #cards 512 size 80 coarsen threshold 460 Card regions per heap region 1 cards per card region 2048
 CPUs: 4 total, 4 available
 Memory: 3927M
 Large Page Support: Disabled
 NUMA Support: Disabled
 Compressed Oops: Enabled (32-bit)
 Heap Region Size: 1M
 Heap Min Capacity: 8M
 Heap Initial Capacity: 62M
 Heap Max Capacity: 982M
 Pre-touch: Disabled
 Parallel Workers: 4
 Concurrent Workers: 1
 Concurrent Refinement Workers: 4
 Periodic GC: Disabled

Heap:
 garbage-first heap   total 63488K, used 3072K [0x00000000c2a00000, 0x0000000100000000)
  region size 1024K, 2 young (2048K), 0 survivors (0K)
 Metaspace       used 5367K, committed 5440K, reserved 1114112K
  class space    used 442K, committed 512K, reserved 1048576K

Heap Regions: E=young(eden), S=young(survivor), O=old, HS=humongous(starts), HC=humongous(continues), CS=collection set, F=free, OA=open archive, CA=closed archive, TAMS=top-at-mark-start (previous, next)
|   0|0x00000000c2a00000, 0x00000000c2b00000, 0x00000000c2b00000|100%|HS|  |TAMS 0x00000000c2a00000, 0x00000000c2a00000| Complete 
|   1|0x00000000c2b00000, 0x00000000c2c00000, 0x00000000c2c00000|100%|HC|  |TAMS 0x00000000c2b00000, 0x00000000c2b00000| Complete 
|   2|0x00000000c2c00000, 0x00000000c2c00000, 0x00000000c2d00000|  0%| F|  |TAMS 0x00000000c2c00000, 0x00000000c2c00000| Untracked 
|   3|0x00000000c2d00000, 0x00000000c2d00000, 0x00000000c2e00000|  0%| F|  |TAMS 0x00000000c2d00000, 0x00000000c2d00000| Untracked 
|   4|0x00000000c2e00000, 0x00000000c2e00000, 0x00000000c2f00000|  0%| F|  |TAMS 0x00000000c2e00000, 0x00000000c2e00000| Untracked 
|   5|0x00000000c2f00000, 0x00000000c2f00000, 0x00000000c3000000|  0%| F|  |TAMS 0x00000000c2f00000, 0x00000000c2f00000| Untracked 
|   6|0x00000000c3000000, 0x00000000c3000000, 0x00000000c3100000|  0%| F|  |TAMS 0x00000000c3000000, 0x00000000c3000000| Untracked 
|   7|0x00000000c3100000, 0x00000000c3100000, 0x00000000c3200000|  0%| F|  |TAMS 0x00000000c3100000, 0x00000000c3100000| Untracked 
|   8|0x00000000c3200000, 0x00000000c3200000, 0x00000000c3300000|  0%| F|  |TAMS 0x00000000c3200000, 0x00000000c3200000| Untracked 
|   9|0x00000000c3300000, 0x00000000c3300000, 0x00000000c3400000|  0%| F|  |TAMS 0x00000000c3300000, 0x00000000c3300000| Untracked 
|  10|0x00000000c3400000, 0x00000000c3400000, 0x00000000c3500000|  0%| F|  |TAMS 0x00000000c3400000, 0x00000000c3400000| Untracked 
|  11|0x00000000c3500000, 0x00000000c3500000, 0x00000000c3600000|  0%| F|  |TAMS 0x00000000c3500000, 0x00000000c3500000| Untracked 
|  12|0x00000000c3600000, 0x00000000c3600000, 0x00000000c3700000|  0%| F|  |TAMS 0x00000000c3600000, 0x00000000c3600000| Untracked 
|  13|0x00000000c3700000, 0x00000000c3700000, 0x00000000c3800000|  0%| F|  |TAMS 0x00000000c3700000, 0x00000000c3700000| Untracked 
|  14|0x00000000c3800000, 0x00000000c3800000, 0x00000000c3900000|  0%| F|  |TAMS 0x00000000c3800000, 0x00000000c3800000| Untracked 
|  15|0x00000000c3900000, 0x00000000c3900000, 0x00000000c3a00000|  0%| F|  |TAMS 0x00000000c3900000, 0x00000000c3900000| Untracked 
|  16|0x00000000c3a00000, 0x00000000c3a00000, 0x00000000c3b00000|  0%| F|  |TAMS 0x00000000c3a00000, 0x00000000c3a00000| Untracked 
|  17|0x00000000c3b00000, 0x00000000c3b00000, 0x00000000c3c00000|  0%| F|  |TAMS 0x00000000c3b00000, 0x00000000c3b00000| Untracked 
|  18|0x00000000c3c00000, 0x00000000c3c00000, 0x00000000c3d00000|  0%| F|  |TAMS 0x00000000c3c00000, 0x00000000c3c00000| Untracked 
|  19|0x00000000c3d00000, 0x00000000c3d00000, 0x00000000c3e00000|  0%| F|  |TAMS 0x00000000c3d00000, 0x00000000c3d00000| Untracked 
|  20|0x00000000c3e00000, 0x00000000c3e00000, 0x00000000c3f00000|  0%| F|  |TAMS 0x00000000c3e00000, 0x00000000c3e00000| Untracked 
|  21|0x00000000c3f00000, 0x00000000c3f00000, 0x00000000c4000000|  0%| F|  |TAMS 0x00000000c3f00000, 0x00000000c3f00000| Untracked 
|  22|0x00000000c4000000, 0x00000000c4000000, 0x00000000c4100000|  0%| F|  |TAMS 0x00000000c4000000, 0x00000000c4000000| Untracked 
|  23|0x00000000c4100000, 0x00000000c4100000, 0x00000000c4200000|  0%| F|  |TAMS 0x00000000c4100000, 0x00000000c4100000| Untracked 
|  24|0x00000000c4200000, 0x00000000c4200000, 0x00000000c4300000|  0%| F|  |TAMS 0x00000000c4200000, 0x00000000c4200000| Untracked 
|  25|0x00000000c4300000, 0x00000000c4300000, 0x00000000c4400000|  0%| F|  |TAMS 0x00000000c4300000, 0x00000000c4300000| Untracked 
|  26|0x00000000c4400000, 0x00000000c4400000, 0x00000000c4500000|  0%| F|  |TAMS 0x00000000c4400000, 0x00000000c4400000| Untracked 
|  27|0x00000000c4500000, 0x00000000c4500000, 0x00000000c4600000|  0%| F|  |TAMS 0x00000000c4500000, 0x00000000c4500000| Untracked 
|  28|0x00000000c4600000, 0x00000000c4600000, 0x00000000c4700000|  0%| F|  |TAMS 0x00000000c4600000, 0x00000000c4600000| Untracked 
|  29|0x00000000c4700000, 0x00000000c4700000, 0x00000000c4800000|  0%| F|  |TAMS 0x00000000c4700000, 0x00000000c4700000| Untracked 
|  30|0x00000000c4800000, 0x00000000c4800000, 0x00000000c4900000|  0%| F|  |TAMS 0x00000000c4800000, 0x00000000c4800000| Untracked 
|  31|0x00000000c4900000, 0x00000000c4900000, 0x00000000c4a00000|  0%| F|  |TAMS 0x00000000c4900000, 0x00000000c4900000| Untracked 
|  32|0x00000000c4a00000, 0x00000000c4a00000, 0x00000000c4b00000|  0%| F|  |TAMS 0x00000000c4a00000, 0x00000000c4a00000| Untracked 
|  33|0x00000000c4b00000, 0x00000000c4b00000, 0x00000000c4c00000|  0%| F|  |TAMS 0x00000000c4b00000, 0x00000000c4b00000| Untracked 
|  34|0x00000000c4c00000, 0x00000000c4c00000, 0x00000000c4d00000|  0%| F|  |TAMS 0x00000000c4c00000, 0x00000000c4c00000| Untracked 
|  35|0x00000000c4d00000, 0x00000000c4d00000, 0x00000000c4e00000|  0%| F|  |TAMS 0x00000000c4d00000, 0x00000000c4d00000| Untracked 
|  36|0x00000000c4e00000, 0x00000000c4e00000, 0x00000000c4f00000|  0%| F|  |TAMS 0x00000000c4e00000, 0x00000000c4e00000| Untracked 
|  37|0x00000000c4f00000, 0x00000000c4f00000, 0x00000000c5000000|  0%| F|  |TAMS 0x00000000c4f00000, 0x00000000c4f00000| Untracked 
|  38|0x00000000c5000000, 0x00000000c5000000, 0x00000000c5100000|  0%| F|  |TAMS 0x00000000c5000000, 0x00000000c5000000| Untracked 
|  39|0x00000000c5100000, 0x00000000c5100000, 0x00000000c5200000|  0%| F|  |TAMS 0x00000000c5100000, 0x00000000c5100000| Untracked 
|  40|0x00000000c5200000, 0x00000000c5200000, 0x00000000c5300000|  0%| F|  |TAMS 0x00000000c5200000, 0x00000000c5200000| Untracked 
|  41|0x00000000c5300000, 0x00000000c5300000, 0x00000000c5400000|  0%| F|  |TAMS 0x00000000c5300000, 0x00000000c5300000| Untracked 
|  42|0x00000000c5400000, 0x00000000c5400000, 0x00000000c5500000|  0%| F|  |TAMS 0x00000000c5400000, 0x00000000c5400000| Untracked 
|  43|0x00000000c5500000, 0x00000000c5500000, 0x00000000c5600000|  0%| F|  |TAMS 0x00000000c5500000, 0x00000000c5500000| Untracked 
|  44|0x00000000c5600000, 0x00000000c5600000, 0x00000000c5700000|  0%| F|  |TAMS 0x00000000c5600000, 0x00000000c5600000| Untracked 
|  45|0x00000000c5700000, 0x00000000c5700000, 0x00000000c5800000|  0%| F|  |TAMS 0x00000000c5700000, 0x00000000c5700000| Untracked 
|  46|0x00000000c5800000, 0x00000000c5800000, 0x00000000c5900000|  0%| F|  |TAMS 0x00000000c5800000, 0x00000000c5800000| Untracked 
|  47|0x00000000c5900000, 0x00000000c5900000, 0x00000000c5a00000|  0%| F|  |TAMS 0x00000000c5900000, 0x00000000c5900000| Untracked 
|  48|0x00000000c5a00000, 0x00000000c5a00000, 0x00000000c5b00000|  0%| F|  |TAMS 0x00000000c5a00000, 0x00000000c5a00000| Untracked 
|  49|0x00000000c5b00000, 0x00000000c5b00000, 0x00000000c5c00000|  0%| F|  |TAMS 0x00000000c5b00000, 0x00000000c5b00000| Untracked 
|  50|0x00000000c5c00000, 0x00000000c5c00000, 0x00000000c5d00000|  0%| F|  |TAMS 0x00000000c5c00000, 0x00000000c5c00000| Untracked 
|  51|0x00000000c5d00000, 0x00000000c5d00000, 0x00000000c5e00000|  0%| F|  |TAMS 0x00000000c5d00000, 0x00000000c5d00000| Untracked 
|  52|0x00000000c5e00000, 0x00000000c5e00000, 0x00000000c5f00000|  0%| F|  |TAMS 0x00000000c5e00000, 0x00000000c5e00000| Untracked 
|  53|0x00000000c5f00000, 0x00000000c5f00000, 0x00000000c6000000|  0%| F|  |TAMS 0x00000000c5f00000, 0x00000000c5f00000| Untracked 
|  54|0x00000000c6000000, 0x00000000c6000000, 0x00000000c6100000|  0%| F|  |TAMS 0x00000000c6000000, 0x00000000c6000000| Untracked 
|  55|0x00000000c6100000, 0x00000000c6100000, 0x00000000c6200000|  0%| F|  |TAMS 0x00000000c6100000, 0x00000000c6100000| Untracked 
|  56|0x00000000c6200000, 0x00000000c6200000, 0x00000000c6300000|  0%| F|  |TAMS 0x00000000c6200000, 0x00000000c6200000| Untracked 
|  57|0x00000000c6300000, 0x00000000c6300000, 0x00000000c6400000|  0%| F|  |TAMS 0x00000000c6300000, 0x00000000c6300000| Untracked 
|  58|0x00000000c6400000, 0x00000000c6400000, 0x00000000c6500000|  0%| F|  |TAMS 0x00000000c6400000, 0x00000000c6400000| Untracked 
|  59|0x00000000c6500000, 0x00000000c6500000, 0x00000000c6600000|  0%| F|  |TAMS 0x00000000c6500000, 0x00000000c6500000| Untracked 
|  60|0x00000000c6600000, 0x00000000c6700000, 0x00000000c6700000|100%| E|  |TAMS 0x00000000c6600000, 0x00000000c6600000| Complete 
|  61|0x00000000c6700000, 0x00000000c6800000, 0x00000000c6800000|100%| E|CS|TAMS 0x00000000c6700000, 0x00000000c6700000| Complete 

Card table byte_map: [0x0000025c7ab60000,0x0000025c7ad50000] _byte_map_base: 0x0000025c7a54b000

Marking Bits (Prev, Next): (CMBitMap*) 0x0000025c73079ce0, (CMBitMap*) 0x0000025c73079d20
 Prev Bits: [0x0000025c7af40000, 0x0000025c7be98000)
 Next Bits: [0x0000025c7bea0000, 0x0000025c7cdf8000)

Polling page: 0x0000025c711c0000

Metaspace:

Usage:
  Non-class:      4.81 MB used.
      Class:    442.46 KB used.
       Both:      5.24 MB used.

Virtual space:
  Non-class space:       64.00 MB reserved,       4.81 MB (  8%) committed,  1 nodes.
      Class space:        1.00 GB reserved,     512.00 KB ( <1%) committed,  1 nodes.
             Both:        1.06 GB reserved,       5.31 MB ( <1%) committed. 

Chunk freelists:
   Non-Class:  2.88 MB
       Class:  3.53 MB
        Both:  6.41 MB

MaxMetaspaceSize: unlimited
CompressedClassSpaceSize: 1.00 GB
Initial GC threshold: 21.00 MB
Current GC threshold: 21.00 MB
CDS: off
MetaspaceReclaimPolicy: balanced
 - commit_granule_bytes: 65536.
 - commit_granule_words: 8192.
 - virtual_space_node_default_size: 8388608.
 - enlarge_chunks_in_place: 1.
 - new_chunks_are_fully_committed: 0.
 - uncommit_free_chunks: 1.
 - use_allocation_guard: 0.


Internal statistics:

num_allocs_failed_limit: 0.
num_arena_births: 4.
num_arena_deaths: 0.
num_vsnodes_births: 2.
num_vsnodes_deaths: 0.
num_space_committed: 85.
num_space_uncommitted: 0.
num_chunks_returned_to_freelist: 0.
num_chunks_taken_from_freelist: 18.
num_chunk_merges: 0.
num_chunk_splits: 7.
num_chunks_enlarged: 5.
num_inconsistent_stats: 0.

CodeHeap 'non-profiled nmethods': size=120000Kb used=41Kb max_used=41Kb free=119959Kb
 bounds [0x0000025c07ad0000, 0x0000025c07d40000, 0x0000025c0f000000]
CodeHeap 'profiled nmethods': size=120000Kb used=217Kb max_used=217Kb free=119782Kb
 bounds [0x0000025c005a0000, 0x0000025c00810000, 0x0000025c07ad0000]
CodeHeap 'non-nmethods': size=5760Kb used=1084Kb max_used=1084Kb free=4675Kb
 bounds [0x0000025c00000000, 0x0000025c00270000, 0x0000025c005a0000]
 total_blobs=514 nmethods=172 adapters=255
 compilation: enabled
              stopped_count=0, restarted_count=0
 full_count=0

Compilation events (20 events):
Event: 0.652 Thread 0x0000025c0f1aa340  162       3       java.lang.StringConcatHelper::prepend (37 bytes)
Event: 0.653 Thread 0x0000025c0f1aa340 nmethod 162 0x0000025c005d4310 code [0x0000025c005d44e0, 0x0000025c005d47b8]
Event: 0.653 Thread 0x0000025c0f1aa340  161       3       java.lang.StringBuilder::toString (35 bytes)
Event: 0.653 Thread 0x0000025c0f1aa340 nmethod 161 0x0000025c005d4910 code [0x0000025c005d4ae0, 0x0000025c005d4db8]
Event: 0.653 Thread 0x0000025c0f1aa340  163       3       java.lang.StringBuilder::<init> (7 bytes)
Event: 0.654 Thread 0x0000025c0f1aa340 nmethod 163 0x0000025c005d4e90 code [0x0000025c005d5020, 0x0000025c005d5168]
Event: 0.656 Thread 0x0000025c0f1aa340  164       1       java.security.CodeSource::getLocationNoFragString (5 bytes)
Event: 0.656 Thread 0x0000025c0f1aa340 nmethod 164 0x0000025c07ad9510 code [0x0000025c07ad96a0, 0x0000025c07ad9778]
Event: 0.656 Thread 0x0000025c0f1aa340  165       1       java.util.jar.Attributes$Name::hashCode (5 bytes)
Event: 0.657 Thread 0x0000025c0f1aa340 nmethod 165 0x0000025c07ad9810 code [0x0000025c07ad99a0, 0x0000025c07ad9a78]
Event: 0.666 Thread 0x0000025c0f1aa340  166       3       java.lang.StringConcatHelper::newArray (26 bytes)
Event: 0.666 Thread 0x0000025c0f1aa340 nmethod 166 0x0000025c005d5210 code [0x0000025c005d53c0, 0x0000025c005d5608]
Event: 0.667 Thread 0x0000025c0f1aa340  167       3       jdk.internal.misc.Unsafe::allocateUninitializedArray (55 bytes)
Event: 0.667 Thread 0x0000025c0f1aa340 nmethod 167 0x0000025c005d5710 code [0x0000025c005d5900, 0x0000025c005d5d58]
Event: 0.673 Thread 0x0000025c0f1aa340  168       3       java.util.HashMap::get (19 bytes)
Event: 0.673 Thread 0x0000025c0f1aa340 nmethod 168 0x0000025c005d5f10 code [0x0000025c005d60c0, 0x0000025c005d6288]
Event: 0.673 Thread 0x0000025c0f1aa340  169       1       java.lang.module.ModuleDescriptor::isOpen (5 bytes)
Event: 0.674 Thread 0x0000025c0f1aa340 nmethod 169 0x0000025c07ad9b10 code [0x0000025c07ad9ca0, 0x0000025c07ad9d78]
Event: 0.675 Thread 0x0000025c0f1aa340  170       3       java.lang.Class::getName (18 bytes)
Event: 0.676 Thread 0x0000025c0f1aa340 nmethod 170 0x0000025c005d6390 code [0x0000025c005d6540, 0x0000025c005d66c8]

GC Heap History (0 events):
No events

Deoptimization events (8 events):
Event: 0.435 Thread 0x0000025c73037560 Uncommon trap: trap_request=0xffffff45 fr.pc=0x0000025c07ad1928 relative=0x00000000000000a8
Event: 0.435 Thread 0x0000025c73037560 Uncommon trap: reason=unstable_if action=reinterpret pc=0x0000025c07ad1928 method=java.lang.String.isLatin1()Z @ 10 c2
Event: 0.435 Thread 0x0000025c73037560 DEOPT PACKING pc=0x0000025c07ad1928 sp=0x000000afff9fef50
Event: 0.435 Thread 0x0000025c73037560 DEOPT UNPACKING pc=0x0000025c000523a3 sp=0x000000afff9fee90 mode 2
Event: 0.521 Thread 0x0000025c73037560 Uncommon trap: trap_request=0xffffff45 fr.pc=0x0000025c07ad4934 relative=0x0000000000000294
Event: 0.521 Thread 0x0000025c73037560 Uncommon trap: reason=unstable_if action=reinterpret pc=0x0000025c07ad4934 method=java.util.zip.ZipCoder$UTF8ZipCoder.checkedHash([BII)I @ 75 c2
Event: 0.521 Thread 0x0000025c73037560 DEOPT PACKING pc=0x0000025c07ad4934 sp=0x000000afff9fa420
Event: 0.521 Thread 0x0000025c73037560 DEOPT UNPACKING pc=0x0000025c000523a3 sp=0x000000afff9fa390 mode 2

Classes loaded (20 events):
Event: 0.685 Loading class java/lang/NoSuchMethodException done
Event: 0.686 Loading class java/lang/invoke/LambdaForm$BasicType
Event: 0.686 Loading class java/lang/invoke/LambdaForm$BasicType done
Event: 0.686 Loading class java/lang/invoke/LambdaForm$Name
Event: 0.687 Loading class java/lang/invoke/LambdaForm$Name done
Event: 0.688 Loading class java/lang/invoke/LambdaForm$Holder
Event: 0.688 Loading class java/lang/invoke/LambdaForm$Holder done
Event: 0.688 Loading class java/lang/invoke/InvokerBytecodeGenerator
Event: 0.690 Loading class java/lang/invoke/InvokerBytecodeGenerator done
Event: 0.690 Loading class java/lang/invoke/InvokerBytecodeGenerator$2
Event: 0.691 Loading class java/lang/invoke/InvokerBytecodeGenerator$2 done
Event: 0.691 Loading class java/lang/invoke/MethodHandleImpl$Intrinsic
Event: 0.691 Loading class java/lang/invoke/MethodHandleImpl$Intrinsic done
Event: 0.692 Loading class java/lang/invoke/BootstrapMethodInvoker
Event: 0.693 Loading class java/lang/invoke/BootstrapMethodInvoker done
Event: 0.694 Loading class java/lang/invoke/VarHandle$AccessMode
Event: 0.694 Loading class java/lang/invoke/VarHandle$AccessMode done
Event: 0.694 Loading class java/lang/invoke/VarHandle$AccessType
Event: 0.694 Loading class java/lang/invoke/VarHandle$AccessType done
Event: 0.697 Loading class java/lang/invoke/Invokers$Holder

Classes unloaded (0 events):
No events

Classes redefined (0 events):
No events

Internal exceptions (0 events):
No events

VM Operations (2 events):
Event: 0.566 Executing VM operation: HandshakeAllThreads
Event: 0.566 Executing VM operation: HandshakeAllThreads done

Events (17 events):
Event: 0.019 Loaded shared library C:\Program Files\Java\jdk-18.0.2\bin\java.dll
Event: 0.143 Loaded shared library C:\Program Files\Java\jdk-18.0.2\bin\jsvml.dll
Event: 0.143 Thread 0x0000025c73037560 Thread added: 0x0000025c73037560
Event: 0.168 Thread 0x0000025c0f166560 Thread added: 0x0000025c0f166560
Event: 0.169 Thread 0x0000025c0f167ff0 Thread added: 0x0000025c0f167ff0
Event: 0.255 Thread 0x0000025c0f19e550 Thread added: 0x0000025c0f19e550
Event: 0.255 Thread 0x0000025c0f1a05b0 Thread added: 0x0000025c0f1a05b0
Event: 0.256 Thread 0x0000025c0f1a0e60 Thread added: 0x0000025c0f1a0e60
Event: 0.256 Thread 0x0000025c0f1a1ff0 Thread added: 0x0000025c0f1a1ff0
Event: 0.256 Thread 0x0000025c0f1a7b00 Thread added: 0x0000025c0f1a7b00
Event: 0.256 Thread 0x0000025c0f1aa340 Thread added: 0x0000025c0f1aa340
Event: 0.256 Thread 0x0000025c0f1ad7d0 Thread added: 0x0000025c0f1ad7d0
Event: 0.426 Thread 0x0000025c13538020 Thread added: 0x0000025c13538020
Event: 0.442 Thread 0x0000025c13542980 Thread added: 0x0000025c13542980
Event: 0.481 Loaded shared library C:\Program Files\Java\jdk-18.0.2\bin\net.dll
Event: 0.485 Loaded shared library C:\Program Files\Java\jdk-18.0.2\bin\nio.dll
Event: 0.560 Loaded shared library C:\Program Files\Java\jdk-18.0.2\bin\zip.dll


Dynamic libraries:
0x00007ff6b6970000 - 0x00007ff6b6980000 	C:\Program Files\Java\jdk-18.0.2\bin\javaw.exe
0x00007ff9cc5b0000 - 0x00007ff9cc7a8000 	C:\Windows\SYSTEM32\ntdll.dll
0x00007ff9cb9a0000 - 0x00007ff9cba5f000 	C:\Windows\System32\KERNEL32.DLL
0x00007ff9ca320000 - 0x00007ff9ca5f2000 	C:\Windows\System32\KERNELBASE.dll
0x00007ff9c9d80000 - 0x00007ff9c9e80000 	C:\Windows\System32\ucrtbase.dll
0x00007ff9c02e0000 - 0x00007ff9c02f8000 	C:\Program Files\Java\jdk-18.0.2\bin\jli.dll
0x00007ff9cbab0000 - 0x00007ff9cbb5e000 	C:\Windows\System32\ADVAPI32.dll
0x00007ff9caa00000 - 0x00007ff9caa9e000 	C:\Windows\System32\msvcrt.dll
0x00007ff9cab50000 - 0x00007ff9cabec000 	C:\Windows\System32\sechost.dll
0x00007ff9cb870000 - 0x00007ff9cb995000 	C:\Windows\System32\RPCRT4.dll
0x00007ff9ca740000 - 0x00007ff9ca8dd000 	C:\Windows\System32\USER32.dll
0x00007ff9c0300000 - 0x00007ff9c031a000 	C:\Program Files\Java\jdk-18.0.2\bin\VCRUNTIME140.dll
0x00007ff9c9d50000 - 0x00007ff9c9d72000 	C:\Windows\System32\win32u.dll
0x00007ff9cb6f0000 - 0x00007ff9cb71b000 	C:\Windows\System32\GDI32.dll
0x00007ff9ca0b0000 - 0x00007ff9ca1bf000 	C:\Windows\System32\gdi32full.dll
0x00007ff9c9e80000 - 0x00007ff9c9f1d000 	C:\Windows\System32\msvcp_win.dll
0x00007ff9b8dc0000 - 0x00007ff9b905a000 	C:\Windows\WinSxS\amd64_microsoft.windows.common-controls_6595b64144ccf1df_6.0.19041.1110_none_60b5254171f9507e\COMCTL32.dll
0x00007ff9c3040000 - 0x00007ff9c304a000 	C:\Windows\SYSTEM32\VERSION.dll
0x00007ff9cba70000 - 0x00007ff9cbaa2000 	C:\Windows\System32\IMM32.DLL
0x00007ff9c3870000 - 0x00007ff9c387c000 	C:\Program Files\Java\jdk-18.0.2\bin\vcruntime140_1.dll
0x00007ff9a6a70000 - 0x00007ff9a6afd000 	C:\Program Files\Java\jdk-18.0.2\bin\msvcp140.dll
0x00007ff986440000 - 0x00007ff987051000 	C:\Program Files\Java\jdk-18.0.2\bin\server\jvm.dll
0x00007ff9cb780000 - 0x00007ff9cb788000 	C:\Windows\System32\PSAPI.DLL
0x00007ff9bed50000 - 0x00007ff9bed59000 	C:\Windows\SYSTEM32\WSOCK32.dll
0x00007ff9cbfd0000 - 0x00007ff9cc03b000 	C:\Windows\System32\WS2_32.dll
0x00007ff9bb980000 - 0x00007ff9bb9a7000 	C:\Windows\SYSTEM32\WINMM.dll
0x00007ff9c7b70000 - 0x00007ff9c7b82000 	C:\Windows\SYSTEM32\kernel.appcore.dll
0x00007ff9bed70000 - 0x00007ff9bed7a000 	C:\Program Files\Java\jdk-18.0.2\bin\jimage.dll
0x00007ff9b6ae0000 - 0x00007ff9b6cc4000 	C:\Windows\SYSTEM32\DBGHELP.DLL
0x00007ff9b6a60000 - 0x00007ff9b6a8c000 	C:\Windows\SYSTEM32\dbgcore.DLL
0x00007ff9c9f20000 - 0x00007ff9c9fa2000 	C:\Windows\System32\bcryptPrimitives.dll
0x00007ff9994b0000 - 0x00007ff9994d5000 	C:\Program Files\Java\jdk-18.0.2\bin\java.dll
0x00007ff9993d0000 - 0x00007ff9994a6000 	C:\Program Files\Java\jdk-18.0.2\bin\jsvml.dll
0x00007ff9cabf0000 - 0x00007ff9cb333000 	C:\Windows\System32\SHELL32.dll
0x00007ff9c7d70000 - 0x00007ff9c8502000 	C:\Windows\SYSTEM32\windows.storage.dll
0x00007ff9cc0c0000 - 0x00007ff9cc414000 	C:\Windows\System32\combase.dll
0x00007ff9c9710000 - 0x00007ff9c9740000 	C:\Windows\SYSTEM32\Wldp.dll
0x00007ff9cb3d0000 - 0x00007ff9cb47d000 	C:\Windows\System32\SHCORE.dll
0x00007ff9cc440000 - 0x00007ff9cc495000 	C:\Windows\System32\shlwapi.dll
0x00007ff9c9bf0000 - 0x00007ff9c9c0f000 	C:\Windows\SYSTEM32\profapi.dll
0x00007ff998f90000 - 0x00007ff998fa3000 	C:\Program Files\Java\jdk-18.0.2\bin\net.dll
0x00007ff9b97e0000 - 0x00007ff9b98ec000 	C:\Windows\SYSTEM32\WINHTTP.dll
0x00007ff9c9470000 - 0x00007ff9c94da000 	C:\Windows\system32\mswsock.dll
0x00007ff991780000 - 0x00007ff991796000 	C:\Program Files\Java\jdk-18.0.2\bin\nio.dll
0x00007ff990cb0000 - 0x00007ff990cc8000 	C:\Program Files\Java\jdk-18.0.2\bin\zip.dll

dbghelp: loaded successfully - version: 4.0.5 - missing functions: none
symbol engine: initialized successfully - sym options: 0x614 - pdb path: .;C:\Program Files\Java\jdk-18.0.2\bin;C:\Windows\SYSTEM32;C:\Windows\WinSxS\amd64_microsoft.windows.common-controls_6595b64144ccf1df_6.0.19041.1110_none_60b5254171f9507e;C:\Program Files\Java\jdk-18.0.2\bin\server

VM Arguments:
jvm_args: -Dfile.encoding=UTF-8 -XX:+ShowCodeDetailsInExceptionMessages 
java_command: AutomatedPages.guru99_2
java_class_path (initial): C:\Users\Ramesh\Desktop\Abhijit\eclipse\Project2(Automation)\bin;C:\Users\Ramesh\Downloads\selenium-server-4.5.0.jar;C:\Users\Ramesh\Downloads\poi-bin-5.2.3\auxiliary\batik-anim-1.14.jar;C:\Users\Ramesh\Downloads\poi-bin-5.2.3\auxiliary\batik-awt-util-1.14.jar;C:\Users\Ramesh\Downloads\poi-bin-5.2.3\auxiliary\batik-bridge-1.14.jar;C:\Users\Ramesh\Downloads\poi-bin-5.2.3\auxiliary\batik-codec-1.14.jar;C:\Users\Ramesh\Downloads\poi-bin-5.2.3\auxiliary\batik-constants-1.14.jar;C:\Users\Ramesh\Downloads\poi-bin-5.2.3\auxiliary\batik-css-1.14.jar;C:\Users\Ramesh\Downloads\poi-bin-5.2.3\auxiliary\batik-dom-1.14.jar;C:\Users\Ramesh\Downloads\poi-bin-5.2.3\auxiliary\batik-ext-1.14.jar;C:\Users\Ramesh\Downloads\poi-bin-5.2.3\auxiliary\batik-gvt-1.14.jar;C:\Users\Ramesh\Downloads\poi-bin-5.2.3\auxiliary\batik-i18n-1.14.jar;C:\Users\Ramesh\Downloads\poi-bin-5.2.3\auxiliary\batik-parser-1.14.jar;C:\Users\Ramesh\Downloads\poi-bin-5.2.3\auxiliary\batik-script-1.14.jar;C:\Users\Ramesh\Downloads\poi-bin-5.2.3\auxiliary\batik-shared-resources-1.14.jar;C:\Users\Ramesh\Downloads\poi-bin-5.2.3\auxiliary\batik-svg-dom-1.14.jar;C:\Users\Ramesh\Downloads\poi-bin-5.2.3\auxiliary\batik-svggen-1.14.jar;C:\Users\Ramesh\Downloads\poi-bin-5.2.3\auxiliary\batik-svgrasterizer-1.14.jar;C:\Users\Ramesh\Downloads\poi-bin-5.2.3\auxiliary\batik-transcoder-1.14.jar;C:\Users\Ramesh\Downloads\poi-bin-5.2.3\auxiliary\batik-util-1.14.jar;C:\Users\Ramesh\Downloads\poi-bin-5.2.3\auxiliary\batik-xml-1.14.jar;C:\Users\Ramesh\Downloads\poi-bin-5.2.3\auxiliary\bcpkix-jdk15on-1.70.jar;C:\Users\Ramesh\Downloads\poi-bin-5.2.3\auxiliary\bcprov-jdk15on-1.70.jar;C:\Users\Ramesh\Downloads\poi-bin-5.2.3\auxiliary\bcutil-jdk15on-1.70.jar;C:\Users\Ramesh\Downloads\poi-bin-5.2.3\auxiliary\fontbox-2.0.26.jar;C:\Users\Ramesh\Downloads\poi-bin-5.2.3\auxiliary\graphics2d-0.40.jar;C:\Users\Ramesh\Downloads\poi-bin-5.2.3\auxiliary\pdfbox-2.0.26.jar;C:\Users\Ramesh\Downloads\poi-bin-5.2.3\auxiliary\xml-apis-1.4.01.jar;C:\Users\Ramesh\Downloads\poi-bin-5.2.3\auxiliary\xml-apis-ext-1.3.04.jar;C:\Users\Ramesh\Downloads\poi-bin-5.2.3\auxiliary\xmlgraphics-commons-2.6.jar;C:\Users\Ramesh\Downloads\poi-bin-5.2.3\auxiliary\xmlsec-3.0.0.jar;C:\Users\Ramesh\Downloads\poi-bin-5.2.3\lib\commons-codec-1.15.jar;C:\Users\Ramesh\Downloads\poi-bin-5.2.3\lib\commons-collections4-4.4.jar;C:\Users\Ramesh\Downloads\poi-bin-5.2.3\lib\commons-io-2.11.0.jar;C:\Users\Ramesh\Downloads\poi-bin-5.2.3\lib\commons-math3-3.6.1.jar;C:\Users\Ramesh\Downloads\poi-bin-5.2.3\lib\log4j-api-2.18.0.jar;C:\Users\Ramesh\Downloads\poi-bin-5.2.3\lib\SparseBitSet-1.2.jar;C:\Users\Ramesh\Downloads\poi-bin-5.2.3\ooxml-lib\commons-compress-1.21.jar;C:\Users\Ramesh\Downloads\poi-bin-5.2.3\ooxml-lib\commons-logging-1.2.jar;C:\Users\Ramesh\Downloads\poi-bin-5.2.3\ooxml-lib\curvesapi-1.07.jar;C:\Users\Ramesh\Downloads\poi-bin-5.2.3\ooxml-lib\jakarta.activation-2.0.1.jar;C:\Users\Ramesh\Downloads\poi-bin-5.2.3\ooxml-lib\jakarta.xml.bind-api-3.0.1.jar;C:\Users\Ramesh\Downloads\poi-bin-5.2.3\ooxml-lib\slf4j-api-1.7.36.jar;C:\Users\Ramesh\Downloads\poi-bin-5.2.3\ooxml-lib\xmlbeans-5.1.1.jar;C:\Users\Ramesh\Desktop\Abhijit\poi-bin-5.2.3\auxiliary\batik-anim-1.14.jar;C:\Users\Ramesh\Desktop\Abhijit\poi-bin-5.2.3\auxiliary\batik-awt-util-1.14.jar;C:\Users\Ramesh\Desktop\Abhijit\poi-bin-5.2.3\auxiliary\batik-bridge-1.14.jar;C:\Users\Ramesh\Desktop\Abhijit\poi-bin-5.2.3\auxiliary\batik-codec-1.14.jar;C:\Users\Ramesh\Desktop\Abhijit\poi-bin-5.2.3\auxiliary\batik-constants-1.14.jar;C:\Users\Ramesh\Desktop\Abhijit\poi-bin-5.2.3\auxiliary\batik-css-1.14.jar;C:\Users\Ramesh\Desktop\Abhijit\poi-bin-5.2.3\auxiliary\batik-dom-1.14.jar;C:\Users\Ramesh\Desktop\Abhijit\poi-bin-5.2.3\auxiliary\batik-ext-1.14.jar;C:\Users\Ramesh\Desktop\Abhijit\poi-bin-5.2.3\auxiliary\batik-gvt-1.14.jar;C:\Users\Ramesh\Desktop\Abhijit\poi-bin-5.2.3\auxiliary\batik-i18n-1.14.jar;C:\Users\Ramesh\Desktop\Abhijit\poi-bin-5.2.3\auxiliary\batik-parser-1.14.jar;C:\Users\Ramesh\Desktop\Abhijit\poi-bin-5.2.3\auxiliary\batik-script-1.14.jar;C:\Users\Ramesh\Desktop\Abhijit\poi-bin-5.2.3\auxiliary\batik-shared-resources-1.14.jar;C:\Users\Ramesh\Desktop\Abhijit\poi-bin-5.2.3\auxiliary\batik-svg-dom-1.14.jar;C:\Users\Ramesh\Desktop\Abhijit\poi-bin-5.2.3\auxiliary\batik-svggen-1.14.jar;C:\Users\Ramesh\Desktop\Abhijit\poi-bin-5.2.3\auxiliary\batik-svgrasterizer-1.14.jar;C:\Users\Ramesh\Desktop\Abhijit\poi-bin-5.2.3\auxiliary\batik-transcoder-1.14.jar;C:\Users\Ramesh\Desktop\Abhijit\poi-bin-5.2.3\auxiliary\batik-util-1.14.jar;C:\Users\Ramesh\Desktop\Abhijit\poi-bin-5.2.3\auxiliary\batik-xml-1.14.jar;C:\Users\Ramesh\Desktop\Abhijit\poi-bin-5.2.3\auxiliary\bcpkix-jdk15on-1.70.jar;C:\Users\Ramesh\Desktop\Abhijit\poi-bin-5.2.3\auxiliary\bcprov-jdk15on-1.70.jar;C:\Users\Ramesh\Desktop\Abhijit\poi-bin-5.2.3\auxiliary\bcutil-jdk15on-1.70.jar;C:\Users\Ramesh\Desktop\Abhijit\poi-bin-5.2.3\auxiliary\fontbox-2.0.26.jar;C:\Users\Ramesh\Desktop\Abhijit\poi-bin-5.2.3\auxiliary\graphics2d-0.40.jar;C:\Users\Ramesh\Desktop\Abhijit\poi-bin-5.2.3\auxiliary\pdfbox-2.0.26.jar;C:\Users\Ramesh\Desktop\Abhijit\poi-bin-5.2.3\auxiliary\poi-5.2.3.jar;C:\Users\Ramesh\Desktop\Abhijit\poi-bin-5.2.3\auxiliary\poi-examples-5.2.3.jar;C:\Users\Ramesh\Desktop\Abhijit\poi-bin-5.2.3\auxiliary\poi-excelant-5.2.3.jar;C:\Users\Ramesh\Desktop\Abhijit\poi-bin-5.2.3\auxiliary\poi-javadoc-5.2.3.jar;C:\Users\Ramesh\Desktop\Abhijit\poi-bin-5.2.3\auxiliary\poi-ooxml-5.2.3.jar;C:\Users\Ramesh\Desktop\Abhijit\poi-bin-5.2.3\auxiliary\poi-ooxml-full-5.2.3.jar;C:\Users\Ramesh\Desktop\Abhijit\poi-bin-5.2.3\auxiliary\poi-ooxml-lite-5.2.3.jar;C:\Users\Ramesh\Desktop\Abhijit\poi-bin-5.2.3\auxiliary\poi-scratchpad-5.2.3.jar;C:\Users\Ramesh\Desktop\Abhijit\poi-bin-5.2.3\auxiliary\xml-apis-1.4.01.jar;C:\Users\Ramesh\Desktop\Abhijit\poi-bin-5.2.3\auxiliary\xml-apis-ext-1.3.04.jar;C:\Users\Ramesh\Desktop\Abhijit\poi-bin-5.2.3\auxiliary\xmlgraphics-commons-2.6.jar;C:\Users\Ramesh\Desktop\Abhijit\poi-bin-5.2.3\auxiliary\xmlsec-3.0.0.jar;C:\Users\Ramesh\Desktop\Abhijit\poi-bin-5.2.3\lib\commons-codec-1.15.jar;C:\Users\Ramesh\Desktop\Abhijit\poi-bin-5.2.3\lib\commons-collections4-4.4.jar;C:\Users\Ramesh\Desktop\Abhijit\poi-bin-5.2.3\lib\commons-io-2.11.0.jar;C:\Users\Ramesh\Desktop\Abhijit\poi-bin-5.2.3\lib\commons-math3-3.6.1.jar;C:\Users\Ramesh\Desktop\Abhijit\poi-bin-5.2.3\lib\log4j-api-2.18.0.jar;C:\Users\Ramesh\Desktop\Abhijit\poi-bin-5.2.3\lib\SparseBitSet-1.2.jar
Launcher Type: SUN_STANDARD

[Global flags]
     intx CICompilerCount                          = 3                                         {product} {ergonomic}
     uint ConcGCThreads                            = 1                                         {product} {ergonomic}
     uint G1ConcRefinementThreads                  = 4                                         {product} {ergonomic}
   size_t G1HeapRegionSize                         = 1048576                                   {product} {ergonomic}
    uintx GCDrainStackTargetSize                   = 64                                        {product} {ergonomic}
   size_t InitialHeapSize                          = 65011712                                  {product} {ergonomic}
   size_t MarkStackSize                            = 4194304                                   {product} {ergonomic}
   size_t MaxHeapSize                              = 1029701632                                {product} {ergonomic}
   size_t MaxNewSize                               = 617611264                                 {product} {ergonomic}
   size_t MinHeapDeltaBytes                        = 1048576                                   {product} {ergonomic}
   size_t MinHeapSize                              = 8388608                                   {product} {ergonomic}
    uintx NonNMethodCodeHeapSize                   = 5832780                                {pd product} {ergonomic}
    uintx NonProfiledCodeHeapSize                  = 122912730                              {pd product} {ergonomic}
    uintx ProfiledCodeHeapSize                     = 122912730                              {pd product} {ergonomic}
    uintx ReservedCodeCacheSize                    = 251658240                              {pd product} {ergonomic}
     bool SegmentedCodeCache                       = true                                      {product} {ergonomic}
     bool ShowCodeDetailsInExceptionMessages       = true                                   {manageable} {command line}
   size_t SoftMaxHeapSize                          = 1029701632                             {manageable} {ergonomic}
     bool UseCompressedClassPointers               = true                           {product lp64_product} {ergonomic}
     bool UseCompressedOops                        = true                           {product lp64_product} {ergonomic}
     bool UseG1GC                                  = true                                      {product} {ergonomic}
     bool UseLargePagesIndividualAllocation        = false                                  {pd product} {ergonomic}

Logging:
Log output configuration:
 #0: stdout all=warning uptime,level,tags foldmultilines=false
 #1: stderr all=off uptime,level,tags foldmultilines=false

Environment Variables:
PATH=C:\Program Files\Common Files\Oracle\Java\javapath;C:\Windows\system32;C:\Windows;C:\Windows\System32\Wbem;C:\Windows\System32\WindowsPowerShell\v1.0\;C:\Windows\System32\OpenSSH\;C:\Program Files\MySQL\MySQL Shell 8.0\bin\;C:\Users\Ramesh\AppData\Local\Microsoft\WindowsApps;C:\Program Files\Java\jdk-18.0.2\bin;
USERNAME=Ramesh
OS=Windows_NT
PROCESSOR_IDENTIFIER=Intel64 Family 6 Model 78 Stepping 3, GenuineIntel



---------------  S Y S T E M  ---------------

OS:
 Windows 10 , 64 bit Build 19041 (10.0.19041.2251)
OS uptime: 18 days 20:45 hours

CPU: total 4 (initial active 4) (2 cores per cpu, 2 threads per core) family 6 model 78 stepping 3 microcode 0xcc, cx8, cmov, fxsr, ht, mmx, 3dnowpref, sse, sse2, sse3, ssse3, sse4.1, sse4.2, popcnt, lzcnt, tsc, tscinvbit, avx, avx2, aes, erms, clmul, bmi1, bmi2, adx, fma, vzeroupper, clflush, clflushopt

Memory: 4k page, system-wide physical 3927M (249M free)
TotalPageFile size 16215M (AvailPageFile size 1M)
current process WorkingSet (physical memory assigned to process): 31M, peak: 31M
current process commit charge ("private bytes"): 127M, peak: 127M

vm_info: Java HotSpot(TM) 64-Bit Server VM (18.0.2+9-61) for windows-amd64 JRE (18.0.2+9-61), built on Jun  7 2022 13:09:01 by "mach5one" with MS VC++ 16.8 / 16.9 (VS2019)

END.
